0 info it worked if it ends with ok
1 verbose cli [ 'C:\\dev1\\nodejs\\node.exe',
1 verbose cli   'C:\\dev1\\nodejs\\node_modules\\npm\\bin\\npm-cli.js',
1 verbose cli   'run',
1 verbose cli   'test' ]
2 info using npm@3.10.8
3 info using node@v6.9.1
4 verbose run-script [ 'pretest', 'test', 'posttest' ]
5 info lifecycle styles@1.0.0~pretest: styles@1.0.0
6 silly lifecycle styles@1.0.0~pretest: no script for pretest, continuing
7 info lifecycle styles@1.0.0~test: styles@1.0.0
8 verbose lifecycle styles@1.0.0~test: unsafe-perm in lifecycle true
9 verbose lifecycle styles@1.0.0~test: PATH: C:\dev1\nvm\v6.9.1\node_modules\npm\bin\node-gyp-bin;C:\Users\kellyZhang\Desktop\work\打分软件\developer\node_modules\.bin;C:\Program Files (x86)\Intel\iCLS Client\;C:\Program Files\Intel\iCLS Client\;C:\Windows\system32;C:\Windows;C:\Windows\System32\Wbem;C:\Windows\System32\WindowsPowerShell\v1.0\;C:\Program Files (x86)\Intel\Intel(R) Management Engine Components\DAL;C:\Program Files\Intel\Intel(R) Management Engine Components\DAL;C:\Program Files (x86)\Intel\Intel(R) Management Engine Components\IPT;C:\Program Files\Intel\Intel(R) Management Engine Components\IPT;C:\Program Files (x86)\NVIDIA Corporation\PhysX\Common;C:\dev\nvm;C:\dev\nodejs;C:\dev1\nvm;C:\dev1\nodejs;C:\WINDOWS\system32;C:\WINDOWS;C:\WINDOWS\System32\Wbem;C:\WINDOWS\System32\WindowsPowerShell\v1.0\;D:\SVN\bin;D:\ruby\Ruby23-x64\bin;C:\dev1\nodejs;C:\dev1\nodejs;C:\dev1\nvm;C:\dev1\npm;C:\Users\kellyZhang\AppData\Local\Microsoft\WindowsApps;C:\Users\kellyZhang\AppData\Local\atom\bin;H:\mysql\mysql-5.7.16-winx64\bin;H:\MongoDB\mongodb\bin
10 verbose lifecycle styles@1.0.0~test: CWD: C:\Users\kellyZhang\Desktop\work\打分软件\developer
11 silly lifecycle styles@1.0.0~test: Args: [ '/d /s /c', 'webpack-dev-server --progress' ]
12 verbose stack Error: kill ENOSYS
12 verbose stack     at exports._errnoException (util.js:1026:11)
12 verbose stack     at process.kill (internal/process.js:172:13)
12 verbose stack     at process.listener (C:\dev1\nvm\v6.9.1\node_modules\npm\node_modules\npmlog\node_modules\gauge\node_modules\signal-exit\index.js:86:15)
12 verbose stack     at emitNone (events.js:91:20)
12 verbose stack     at process.emit (events.js:185:7)
12 verbose stack     at processEmit (C:\dev1\nvm\v6.9.1\node_modules\npm\node_modules\npmlog\node_modules\gauge\node_modules\signal-exit\index.js:146:32)
12 verbose stack     at processEmit (C:\dev1\nvm\v6.9.1\node_modules\npm\node_modules\npm-registry-client\node_modules\npmlog\node_modules\gauge\node_modules\signal-exit\index.js:146:32)
12 verbose stack     at Signal.wrap.onsignal (internal/process.js:199:44)
13 verbose cwd C:\Users\kellyZhang\Desktop\work\打分软件\developer
14 error Windows_NT 10.0.14393
15 error argv "C:\\dev1\\nodejs\\node.exe" "C:\\dev1\\nodejs\\node_modules\\npm\\bin\\npm-cli.js" "run" "test"
16 error node v6.9.1
17 error npm  v3.10.8
18 error code ENOSYS
19 error errno ENOSYS
20 error syscall kill
21 error kill ENOSYS
22 error If you need help, you may report this error at:
22 error     <https://github.com/npm/npm/issues>
23 verbose exit [ 1, true ]
